  AbsBall.cpp
  AbstractItem.cpp
  AbstractWeapon.cpp
  Background.cpp
  Ball.cpp
  Board.cpp
  BossBall.cpp
  Button.cpp
  CashItem.cpp
  Command.cpp
  Controller.cpp
  DirectHitBall.cpp
  Door.cpp
  Drawable.cpp
  DrawableFactory.cpp
  Flame.cpp
  FrozenArrowItem.cpp
  FrozenWeapon.cpp
  GameToolBar.cpp
  HeldBall.cpp
  Compiling...
  LaserItem.cpp
  LaserWeapon.cpp
  LevelLoader.cpp
  LivesBar.cpp
C:\Users\effi\Desktop\CPP-Games\Bubble Struggle\bubble-struggle\LivesBar.cpp(30,15): warning C4834: discarding return value of function with 'nodiscard' attribute
  LoadScreen.cpp
  Main.cpp
  Menu.cpp
  Moveable.cpp
  OneUpItem.cpp
  Player.cpp
  PlayerOne.cpp
  PlayerTwo.cpp
  ProjectileBall.cpp
  RegisterFunctionTemplates.cpp
  ResourceManager.cpp
  Sheild.cpp
  SheildItem.cpp
  SimpleArrow.cpp
  SimpleArrowItem.cpp
  Sound.cpp
  Compiling...
  Spikes.cpp
  TimeItem.cpp
  Unmoveable.cpp
  UpDownBall.cpp
  Wall.cpp
  WindowCONST.cpp
  youSure.cpp
  ZeroGravityBall.cpp
AbsBall.obj : error LNK2001: unresolved external symbol "public: static class sf::RenderStates const sf::RenderStates::Default" (?Default@RenderStates@sf@@2V12@B)
AbsBall.obj : error LNK2001: unresolved external symbol "public: static class sf::Color const sf::Color::White" (?White@Color@sf@@2V12@B)
AbsBall.obj : error LNK2001: unresolved external symbol "public: float __cdecl sf::CircleShape::getRadius(void)const " (?getRadius@CircleShape@sf@@QEBAMXZ)
AbsBall.obj : error LNK2001: unresolved external symbol "public: void __cdecl sf::CircleShape::setRadius(float)" (?setRadius@CircleShape@sf@@QEAAXM@Z)
AbsBall.obj : error LNK2001: unresolved external symbol "public: __cdecl sf::CircleShape::CircleShape(float,unsigned __int64)" (??0CircleShape@sf@@QEAA@M_K@Z)
AbsBall.obj : error LNK2001: unresolved external symbol "public: class sf::Vector2<float> const & __cdecl sf::Transformable::getPosition(void)const " (?getPosition@Transformable@sf@@QEBAAEBV?$Vector2@M@2@XZ)
AbsBall.obj : error LNK2001: unresolved external symbol "public: void __cdecl sf::Transformable::setOrigin(float,float)" (?setOrigin@Transformable@sf@@QEAAXMM@Z)
AbsBall.obj : error LNK2001: unresolved external symbol "public: void __cdecl sf::Transformable::setPosition(class sf::Vector2<float> const &)" (?setPosition@Transformable@sf@@QEAAXAEBV?$Vector2@M@2@@Z)
AbsBall.obj : error LNK2001: unresolved external symbol "public: __cdecl sf::Color::Color(unsigned char,unsigned char,unsigned char,unsigned char)" (??0Color@sf@@QEAA@EEEE@Z)
AbsBall.obj : error LNK2001: unresolved external symbol "public: static class sf::Color const sf::Color::Red" (?Red@Color@sf@@2V12@B)
AbsBall.obj : error LNK2001: unresolved external symbol "public: static class sf::Color const sf::Color::Black" (?Black@Color@sf@@2V12@B)
AbsBall.obj : error LNK2001: unresolved external symbol "public: static class sf::Color const sf::Color::Green" (?Green@Color@sf@@2V12@B)
AbsBall.obj : error LNK2001: unresolved external symbol "public: void __cdecl sf::RenderTarget::draw(class sf::Drawable const &,class sf::RenderStates const &)" (?draw@RenderTarget@sf@@QEAAXAEBVDrawable@2@AEBVRenderStates@2@@Z)
AbsBall.obj : error LNK2001: unresolved external symbol "public: class sf::Rect<float> __cdecl sf::Shape::getGlobalBounds(void)const " (?getGlobalBounds@Shape@sf@@QEBA?AV?$Rect@M@2@XZ)
AbsBall.obj : error LNK2001: unresolved external symbol "public: void __cdecl sf::Shape::setOutlineThickness(float)" (?setOutlineThickness@Shape@sf@@QEAAXM@Z)
AbsBall.obj : error LNK2001: unresolved external symbol "public: void __cdecl sf::Shape::setOutlineColor(class sf::Color const &)" (?setOutlineColor@Shape@sf@@QEAAXAEBVColor@2@@Z)
AbsBall.obj : error LNK2001: unresolved external symbol "public: void __cdecl sf::Shape::setFillColor(class sf::Color const &)" (?setFillColor@Shape@sf@@QEAAXAEBVColor@2@@Z)
AbsBall.obj : error LNK2001: unresolved external symbol "public: void __cdecl sf::Shape::setTextureRect(class sf::Rect<int> const &)" (?setTextureRect@Shape@sf@@QEAAXAEBV?$Rect@H@2@@Z)
AbsBall.obj : error LNK2001: unresolved external symbol "public: void __cdecl sf::Shape::setTexture(class sf::Texture const *,bool)" (?setTexture@Shape@sf@@QEAAXPEBVTexture@2@_N@Z)
AbsBall.obj : error LNK2001: unresolved external symbol "public: virtual __cdecl sf::Shape::~Shape(void)" (??1Shape@sf@@UEAA@XZ)
AbsBall.obj : error LNK2001: unresolved external symbol "public: static class sf::Color const sf::Color::Cyan" (?Cyan@Color@sf@@2V12@B)
AbsBall.obj : error LNK2001: unresolved external symbol "public: static class sf::Color const sf::Color::Magenta" (?Magenta@Color@sf@@2V12@B)
AbstractItem.obj : error LNK2001: unresolved external symbol "class sf::Time & __cdecl sf::operator+=(class sf::Time &,class sf::Time)" (??Ysf@@YAAEAVTime@0@AEAV10@V10@@Z)
AbstractItem.obj : error LNK2001: unresolved external symbol "public: class sf::Time __cdecl sf::Clock::restart(void)" (?restart@Clock@sf@@QEAA?AVTime@2@XZ)
AbstractItem.obj : error LNK2001: unresolved external symbol "public: __cdecl sf::Clock::Clock(void)" (??0Clock@sf@@QEAA@XZ)
AbstractItem.obj : error LNK2001: unresolved external symbol "public: float __cdecl sf::Time::asSeconds(void)const " (?asSeconds@Time@sf@@QEBAMXZ)
AbstractItem.obj : error LNK2001: unresolved external symbol "public: void __cdecl sf::Transformable::move(float,float)" (?move@Transformable@sf@@QEAAXMM@Z)
AbstractItem.obj : error LNK2001: unresolved external symbol "class sf::Time __cdecl sf::seconds(float)" (?seconds@sf@@YA?AVTime@1@M@Z)
AbstractItem.obj : error LNK2001: unresolved external symbol "public: class sf::Color const & __cdecl sf::Shape::getFillColor(void)const " (?getFillColor@Shape@sf@@QEBAAEBVColor@2@XZ)
AbstractItem.obj : error LNK2001: unresolved external symbol "public: class sf::Vector2<float> const & __cdecl sf::RectangleShape::getSize(void)const " (?getSize@RectangleShape@sf@@QEBAAEBV?$Vector2@M@2@XZ)
AbstractItem.obj : error LNK2001: unresolved external symbol "public: void __cdecl sf::RectangleShape::setSize(class sf::Vector2<float> const &)" (?setSize@RectangleShape@sf@@QEAAXAEBV?$Vector2@M@2@@Z)
AbstractItem.obj : error LNK2001: unresolved external symbol "public: __cdecl sf::RectangleShape::RectangleShape(class sf::Vector2<float> const &)" (??0RectangleShape@sf@@QEAA@AEBV?$Vector2@M@1@@Z)
AbstractWeapon.obj : error LNK2001: unresolved external symbol "public: void __cdecl sf::Transformable::setScale(float,float)" (?setScale@Transformable@sf@@QEAAXMM@Z)
AbstractWeapon.obj : error LNK2001: unresolved external symbol "public: void __cdecl sf::Transformable::setPosition(float,float)" (?setPosition@Transformable@sf@@QEAAXMM@Z)
AbstractWeapon.obj : error LNK2001: unresolved external symbol "public: virtual __cdecl sf::Transformable::~Transformable(void)" (??1Transformable@sf@@UEAA@XZ)
AbstractWeapon.obj : error LNK2001: unresolved external symbol "public: class sf::Rect<float> __cdecl sf::Sprite::getGlobalBounds(void)const " (?getGlobalBounds@Sprite@sf@@QEBA?AV?$Rect@M@2@XZ)
AbstractWeapon.obj : error LNK2001: unresolved external symbol "public: void __cdecl sf::Sprite::setTexture(class sf::Texture const &,bool)" (?setTexture@Sprite@sf@@QEAAXAEBVTexture@2@_N@Z)
AbstractWeapon.obj : error LNK2001: unresolved external symbol "public: __cdecl sf::Sprite::Sprite(void)" (??0Sprite@sf@@QEAA@XZ)
Background.obj : error LNK2001: unresolved external symbol "public: class sf::Time __cdecl sf::Clock::getElapsedTime(void)const " (?getElapsedTime@Clock@sf@@QEBA?AVTime@2@XZ)
Background.obj : error LNK2001: unresolved external symbol "public: void __cdecl sf::Transformable::setOrigin(class sf::Vector2<float> const &)" (?setOrigin@Transformable@sf@@QEAAXAEBV?$Vector2@M@2@@Z)
Background.obj : error LNK2001: unresolved external symbol "public: void __cdecl sf::Texture::setSmooth(bool)" (?setSmooth@Texture@sf@@QEAAX_N@Z)
Background.obj : error LNK2001: unresolved external symbol "public: bool __cdecl sf::Texture::loadFromFile(class std::basic_string<char,struct std::char_traits<char>,class std::allocator<char> > const &,class sf::Rect<int> const &)" (?loadFromFile@Texture@sf@@QEAA_NAEBV?$basic_string@DU?$char_traits@D@std@@V?$allocator@D@2@@std@@AEBV?$Rect@H@2@@Z)
Background.obj : error LNK2001: unresolved external symbol "public: __cdecl sf::Texture::Texture(void)" (??0Texture@sf@@QEAA@XZ)
Background.obj : error LNK2001: unresolved external symbol "public: class sf::Rect<float> __cdecl sf::Sprite::getLocalBounds(void)const " (?getLocalBounds@Sprite@sf@@QEBA?AV?$Rect@M@2@XZ)
Background.obj : error LNK2001: unresolved external symbol "public: void __cdecl sf::Sprite::setTextureRect(class sf::Rect<int> const &)" (?setTextureRect@Sprite@sf@@QEAAXAEBV?$Rect@H@2@@Z)
Board.obj : error LNK2001: unresolved external symbol "public: void __cdecl sf::View::reset(class sf::Rect<float> const &)" (?reset@View@sf@@QEAAXAEBV?$Rect@M@2@@Z)
Board.obj : error LNK2001: unresolved external symbol "public: void __cdecl sf::View::setViewport(class sf::Rect<float> const &)" (?setViewport@View@sf@@QEAAXAEBV?$Rect@M@2@@Z)
Board.obj : error LNK2001: unresolved external symbol "public: __cdecl sf::View::View(void)" (??0View@sf@@QEAA@XZ)
Board.obj : error LNK2001: unresolved external symbol "public: class sf::View const & __cdecl sf::RenderTarget::getDefaultView(void)const " (?getDefaultView@RenderTarget@sf@@QEBAAEBVView@2@XZ)
Board.obj : error LNK2001: unresolved external symbol "public: void __cdecl sf::RenderTarget::setView(class sf::View const &)" (?setView@RenderTarget@sf@@QEAAXAEBVView@2@@Z)
Button.obj : error LNK2001: unresolved external symbol "public: __cdecl sf::Color::Color(void)" (??0Color@sf@@QEAA@XZ)
Command.obj : error LNK2001: unresolved external symbol "public: void __cdecl sf::Window::display(void)" (?display@Window@sf@@QEAAXXZ)
Command.obj : error LNK2001: unresolved external symbol "public: bool __cdecl sf::Window::isOpen(void)const " (?isOpen@Window@sf@@QEBA_NXZ)
Command.obj : error LNK2001: unresolved external symbol "public: void __cdecl sf::RenderTarget::clear(class sf::Color const &)" (?clear@RenderTarget@sf@@QEAAXAEBVColor@2@@Z)
Command.obj : error LNK2001: unresolved external symbol "public: virtual __cdecl sf::Music::~Music(void)" (??1Music@sf@@UEAA@XZ)
Command.obj : error LNK2001: unresolved external symbol "public: __cdecl sf::Music::Music(void)" (??0Music@sf@@QEAA@XZ)
Controller.obj : error LNK2001: unresolved external symbol "public: void __cdecl sf::View::setSize(class sf::Vector2<float> const &)" (?setSize@View@sf@@QEAAXAEBV?$Vector2@M@2@@Z)
Controller.obj : error LNK2001: unresolved external symbol "public: void __cdecl sf::View::setCenter(class sf::Vector2<float> const &)" (?setCenter@View@sf@@QEAAXAEBV?$Vector2@M@2@@Z)
Controller.obj : error LNK2001: unresolved external symbol "bool __cdecl sf::operator>=(class sf::Time,class sf::Time)" (??Psf@@YA_NVTime@0@0@Z)
Controller.obj : error LNK2001: unresolved external symbol "public: void __cdecl sf::Window::setSize(class sf::Vector2<unsigned int> const &)" (?setSize@Window@sf@@QEAAXAEBV?$Vector2@I@2@@Z)
Controller.obj : error LNK2001: unresolved external symbol "public: bool __cdecl sf::Window::pollEvent(class sf::Event &)" (?pollEvent@Window@sf@@QEAA_NAEAVEvent@2@@Z)
Controller.obj : error LNK2001: unresolved external symbol "public: void __cdecl sf::Window::close(void)" (?close@Window@sf@@QEAAXXZ)
Controller.obj : error LNK2001: unresolved external symbol "public: class sf::View const & __cdecl sf::RenderTarget::getView(void)const " (?getView@RenderTarget@sf@@QEBAAEBVView@2@XZ)
GameToolBar.obj : error LNK2001: unresolved external symbol "public: void __cdecl sf::Transformable::scale(float,float)" (?scale@Transformable@sf@@QEAAXMM@Z)
GameToolBar.obj : error LNK2001: unresolved external symbol "public: bool __cdecl sf::Font::loadFromFile(class std::basic_string<char,struct std::char_traits<char>,class std::allocator<char> > const &)" (?loadFromFile@Font@sf@@QEAA_NAEBV?$basic_string@DU?$char_traits@D@std@@V?$allocator@D@2@@std@@@Z)
GameToolBar.obj : error LNK2001: unresolved external symbol "public: __cdecl sf::Font::~Font(void)" (??1Font@sf@@QEAA@XZ)
GameToolBar.obj : error LNK2001: unresolved external symbol "public: __cdecl sf::Font::Font(void)" (??0Font@sf@@QEAA@XZ)
GameToolBar.obj : error LNK2001: unresolved external symbol "public: static class sf::Color const sf::Color::Yellow" (?Yellow@Color@sf@@2V12@B)
GameToolBar.obj : error LNK2001: unresolved external symbol "public: class sf::Vector2<float> __cdecl sf::RenderTarget::mapPixelToCoords(class sf::Vector2<int> const &)const " (?mapPixelToCoords@RenderTarget@sf@@QEBA?AV?$Vector2@M@2@AEBV?$Vector2@H@2@@Z)
GameToolBar.obj : error LNK2001: unresolved external symbol "public: class sf::String & __cdecl sf::String::operator=(class sf::String const &)" (??4String@sf@@QEAAAEAV01@AEBV01@@Z)
GameToolBar.obj : error LNK2001: unresolved external symbol "public: __cdecl sf::String::String(char const *,class std::locale const &)" (??0String@sf@@QEAA@PEBDAEBVlocale@std@@@Z)
GameToolBar.obj : error LNK2001: unresolved external symbol "public: __cdecl sf::String::String(class std::basic_string<char,struct std::char_traits<char>,class std::allocator<char> > const &,class std::locale const &)" (??0String@sf@@QEAA@AEBV?$basic_string@DU?$char_traits@D@std@@V?$allocator@D@2@@std@@AEBVlocale@3@@Z)
GameToolBar.obj : error LNK2001: unresolved external symbol "public: void __cdecl sf::Text::setFillColor(class sf::Color const &)" (?setFillColor@Text@sf@@QEAAXAEBVColor@2@@Z)
GameToolBar.obj : error LNK2001: unresolved external symbol "public: void __cdecl sf::Text::setCharacterSize(unsigned int)" (?setCharacterSize@Text@sf@@QEAAXI@Z)
GameToolBar.obj : error LNK2001: unresolved external symbol "public: void __cdecl sf::Text::setString(class sf::String const &)" (?setString@Text@sf@@QEAAXAEBVString@2@@Z)
GameToolBar.obj : error LNK2001: unresolved external symbol "public: __cdecl sf::Text::Text(void)" (??0Text@sf@@QEAA@XZ)
GameToolBar.obj : error LNK2001: unresolved external symbol "public: __cdecl sf::Text::Text(class sf::String const &,class sf::Font const &,unsigned int)" (??0Text@sf@@QEAA@AEBVString@1@AEBVFont@1@I@Z)
LaserWeapon.obj : error LNK2001: unresolved external symbol "public: __cdecl sf::Time::Time(void)" (??0Time@sf@@QEAA@XZ)
LivesBar.obj : error LNK2001: unresolved external symbol "private: virtual void __cdecl sf::VertexArray::draw(class sf::RenderTarget &,class sf::RenderStates)const " (?draw@VertexArray@sf@@EEBAXAEAVRenderTarget@2@VRenderStates@2@@Z)
LivesBar.obj : error LNK2001: unresolved external symbol "private: virtual void __cdecl sf::Shape::draw(class sf::RenderTarget &,class sf::RenderStates)const " (?draw@Shape@sf@@EEBAXAEAVRenderTarget@2@VRenderStates@2@@Z)
LivesBar.obj : error LNK2001: unresolved external symbol "public: virtual class sf::Vector2<float> __cdecl sf::RectangleShape::getPoint(unsigned __int64)const " (?getPoint@RectangleShape@sf@@UEBA?AV?$Vector2@M@2@_K@Z)
LivesBar.obj : error LNK2001: unresolved external symbol "public: virtual unsigned __int64 __cdecl sf::RectangleShape::getPointCount(void)const " (?getPointCount@RectangleShape@sf@@UEBA_KXZ)
LoadScreen.obj : error LNK2001: unresolved external symbol "public: __cdecl sf::Texture::~Texture(void)" (??1Texture@sf@@QEAA@XZ)
LoadScreen.obj : error LNK2001: unresolved external symbol "public: void __cdecl sf::Window::setKeyRepeatEnabled(bool)" (?setKeyRepeatEnabled@Window@sf@@QEAAX_N@Z)
LoadScreen.obj : error LNK2001: unresolved external symbol "public: void __cdecl sf::Window::setMouseCursorGrabbed(bool)" (?setMouseCursorGrabbed@Window@sf@@QEAAX_N@Z)
Player.obj : error LNK2001: unresolved external symbol "public: static bool __cdecl sf::Keyboard::isKeyPressed(enum sf::Keyboard::Key)" (?isKeyPressed@Keyboard@sf@@SA_NW4Key@12@@Z)
ResourceManager.obj : error LNK2001: unresolved external symbol "public: void __cdecl sf::Texture::setRepeated(bool)" (?setRepeated@Texture@sf@@QEAAX_N@Z)
ResourceManager.obj : error LNK2001: unresolved external symbol "public: class sf::Vector2<unsigned int> __cdecl sf::Texture::getSize(void)const " (?getSize@Texture@sf@@QEBA?AV?$Vector2@I@2@XZ)
ResourceManager.obj : error LNK2001: unresolved external symbol "public: bool __cdecl sf::SoundBuffer::loadFromFile(class std::basic_string<char,struct std::char_traits<char>,class std::allocator<char> > const &)" (?loadFromFile@SoundBuffer@sf@@QEAA_NAEBV?$basic_string@DU?$char_traits@D@std@@V?$allocator@D@2@@std@@@Z)
ResourceManager.obj : error LNK2001: unresolved external symbol "public: __cdecl sf::SoundBuffer::~SoundBuffer(void)" (??1SoundBuffer@sf@@QEAA@XZ)
ResourceManager.obj : error LNK2001: unresolved external symbol "public: __cdecl sf::SoundBuffer::SoundBuffer(void)" (??0SoundBuffer@sf@@QEAA@XZ)
Sound.obj : error LNK2001: unresolved external symbol "public: void __cdecl sf::SoundSource::setVolume(float)" (?setVolume@SoundSource@sf@@QEAAXM@Z)
Sound.obj : error LNK2001: unresolved external symbol "public: class sf::SoundBuffer const * __cdecl sf::Sound::getBuffer(void)const " (?getBuffer@Sound@sf@@QEBAPEBVSoundBuffer@2@XZ)
Sound.obj : error LNK2001: unresolved external symbol "public: virtual __cdecl sf::Sound::~Sound(void)" (??1Sound@sf@@UEAA@XZ)
Sound.obj : error LNK2001: unresolved external symbol "public: __cdecl sf::Sound::Sound(class sf::SoundBuffer const &)" (??0Sound@sf@@QEAA@AEBVSoundBuffer@1@@Z)
Sound.obj : error LNK2001: unresolved external symbol "public: __cdecl sf::Sound::Sound(class sf::Sound const &)" (??0Sound@sf@@QEAA@AEBV01@@Z)
Sound.obj : error LNK2001: unresolved external symbol "public: bool __cdecl sf::Music::openFromFile(class std::basic_string<char,struct std::char_traits<char>,class std::allocator<char> > const &)" (?openFromFile@Music@sf@@QEAA_NAEBV?$basic_string@DU?$char_traits@D@std@@V?$allocator@D@2@@std@@@Z)
Sound.obj : error LNK2001: unresolved external symbol "public: void __cdecl sf::SoundStream::setLoop(bool)" (?setLoop@SoundStream@sf@@QEAAX_N@Z)
WindowCONST.obj : error LNK2001: unresolved external symbol "public: virtual __cdecl sf::RenderWindow::~RenderWindow(void)" (??1RenderWindow@sf@@UEAA@XZ)
WindowCONST.obj : error LNK2001: unresolved external symbol "public: __cdecl sf::RenderWindow::RenderWindow(class sf::VideoMode,class sf::String const &,unsigned int,struct sf::ContextSettings const &)" (??0RenderWindow@sf@@QEAA@VVideoMode@1@AEBVString@1@IAEBUContextSettings@1@@Z)
WindowCONST.obj : error LNK2001: unresolved external symbol "public: __cdecl sf::VideoMode::VideoMode(unsigned int,unsigned int,unsigned int)" (??0VideoMode@sf@@QEAA@III@Z)
MSVCRT.lib(exe_winmain.obj) : error LNK2001: unresolved external symbol WinMain
C:\Users\effi\Desktop\CPP-Games\Bubble Struggle\x64\Release\bubble-struggle.exe : fatal error LNK1120: 102 unresolved externals
